1063 [main] INFO  org.example.Main – Starting Main using Java 17.0.7 on SER-SPARENB01 with PID 19752 (C:\Users\anick\Desktop\3C\FitnessCenter-master\build\libs\FitnessCenter-1.0.war started by ANICK in C:\Users\anick\Desktop\3C\FitnessCenter-master\build\libs)
1069 [main] INFO  org.example.Main – No active profile set, falling back to 1 default profile: "default"
1704 [main] INFO  o.s.d.r.c.RepositoryConfigurationDelegate – Bootstrapping Spring Data JPA repositories in DEFAULT mode.
1777 [main] INFO  o.s.d.r.c.RepositoryConfigurationDelegate – Finished Spring Data repository scanning in 60 ms. Found 3 JPA repository interfaces.
2900 [main] INFO  o.s.b.w.e.tomcat.TomcatWebServer – Tomcat initialized with port(s): 8080 (http)
2914 [main] INFO  o.a.coyote.http11.Http11NioProtocol – Initializing ProtocolHandler ["http-nio-8080"]
2916 [main] INFO  o.a.catalina.core.StandardService – Starting service [Tomcat]
2916 [main] INFO  o.a.catalina.core.StandardEngine – Starting Servlet engine: [Apache Tomcat/9.0.74]
4064 [main] INFO  o.a.c.c.C.[Tomcat].[localhost].[/] – Initializing Spring embedded WebApplicationContext
4065 [main] INFO  o.s.b.w.s.c.ServletWebServerApplicationContext – Root WebApplicationContext: initialization completed in 2925 ms
4288 [main] INFO  com.zaxxer.hikari.HikariDataSource – HikariPool-1 - Starting...
4646 [main] INFO  com.zaxxer.hikari.HikariDataSource – HikariPool-1 - Start completed.
4707 [main] INFO  o.h.jpa.internal.util.LogHelper – HHH000204: Processing PersistenceUnitInfo [name: default]
4813 [main] INFO  org.hibernate.Version – HHH000412: Hibernate ORM core version 5.6.15.Final
5147 [main] INFO  o.h.annotations.common.Version – HCANN000001: Hibernate Commons Annotations {5.1.2.Final}
5324 [main] INFO  org.hibernate.dialect.Dialect – HHH000400: Using dialect: org.hibernate.dialect.PostgreSQLDialect
6202 [main] INFO  o.h.e.t.j.p.i.JtaPlatformInitiator – HHH000490: Using JtaPlatform implementation: [org.hibernate.engine.transaction.jta.platform.internal.NoJtaPlatform]
6218 [main] INFO  o.s.o.j.LocalContainerEntityManagerFactoryBean – Initialized JPA EntityManagerFactory for persistence unit 'default'
7124 [main] WARN  o.s.b.a.o.j.JpaBaseConfiguration$JpaWebConfiguration – spring.jpa.open-in-view is enabled by default. Therefore, database queries may be performed during view rendering. Explicitly configure spring.jpa.open-in-view to disable this warning
7379 [main] INFO  o.s.s.w.DefaultSecurityFilterChain – Will secure any request with [org.springframework.security.web.session.DisableEncodeUrlFilter@2cde651b, org.springframework.security.web.context.request.async.WebAsyncManagerIntegrationFilter@534e58b6, org.springframework.security.web.context.SecurityContextPersistenceFilter@69d23296, org.springframework.security.web.header.HeaderWriterFilter@806996, org.springframework.security.web.authentication.logout.LogoutFilter@43a65cd8, org.springframework.security.web.authentication.UsernamePasswordAuthenticationFilter@4f94e148, org.springframework.security.web.savedrequest.RequestCacheAwareFilter@376c7d7d, org.springframework.security.web.servletapi.SecurityContextHolderAwareRequestFilter@427ae189, org.springframework.security.web.authentication.AnonymousAuthenticationFilter@3bb87d36, org.springframework.security.web.session.SessionManagementFilter@257e0827, org.springframework.security.web.access.ExceptionTranslationFilter@4c5228e7, org.springframework.security.web.access.intercept.FilterSecurityInterceptor@7d904ff1]
7614 [main] INFO  o.s.b.a.w.s.WelcomePageHandlerMapping – Adding welcome page: class path resource [static/index.html]
7956 [main] INFO  o.a.coyote.http11.Http11NioProtocol – Starting ProtocolHandler ["http-nio-8080"]
8034 [main] INFO  o.s.b.w.e.tomcat.TomcatWebServer – Tomcat started on port(s): 8080 (http) with context path ''
8056 [main] INFO  o.s.s.a.ScheduledAnnotationBeanPostProcessor – No TaskScheduler/ScheduledExecutorService bean found for scheduled processing
8072 [main] INFO  org.example.Main – Started Main in 7.516 seconds (JVM running for 8.381)
27065 [http-nio-8080-exec-1] INFO  o.a.c.c.C.[Tomcat].[localhost].[/] – Initializing Spring DispatcherServlet 'dispatcherServlet'
27067 [http-nio-8080-exec-1] INFO  o.s.web.servlet.DispatcherServlet – Initializing Servlet 'dispatcherServlet'
27071 [http-nio-8080-exec-1] INFO  o.s.web.servlet.DispatcherServlet – Completed initialization in 2 ms
